<?xml version="1.0" encoding="UTF-8"?>
<!-- Generated by org.testng.reporters.JUnitReportReporter -->
<testsuite hostname="WUSSC250374-ZV8" failures="0" tests="1" name="DynamicBook" time="2.897" errors="0" timestamp="2024-11-30T15:06:59 MST" skipped="0">
  <testcase classname="DynamicBook" name="addBook" time="2.897"/>
</testsuite> <!-- DynamicBook -->
