<?xml version="1.0" encoding="UTF-8"?>
<!-- Generated by org.testng.reporters.JUnitReportReporter -->
<testsuite hostname="WUSSC250374-ZV8" failures="0" tests="3" name="DynamicBook2" time="14.901" errors="0" timestamp="2024-11-30T15:57:05 MST" skipped="0">
  <testcase classname="DynamicBook2" name="AddBook" time="1.219"/>
  <testcase classname="DynamicBook2" name="AddBook" time="2.719"/>
  <testcase classname="DynamicBook2" name="AddBook" time="10.963"/>
</testsuite> <!-- DynamicBook2 -->
