<?xml version="1.0" encoding="UTF-8"?>
<!-- Generated by org.testng.reporters.JUnitReportReporter -->
<testsuite hostname="WUSSC250374-ZV8" failures="0" tests="1" name="DynamicBook1" time="2.163" errors="0" timestamp="2024-11-30T15:20:07 MST" skipped="0">
  <testcase classname="DynamicBook1" name="addBook" time="2.163"/>
</testsuite> <!-- DynamicBook1 -->
