<?xml version="1.0" encoding="UTF-8"?>
<!-- Generated by org.testng.reporters.JUnitReportReporter -->
<testsuite hostname="WUSSC250374-ZV8" failures="0" tests="3" name="files.DynamicJson" time="4.217" errors="0" timestamp="2024-11-27T13:54:11 PST" skipped="0">
  <testcase classname="files.DynamicJson" name="addBook" time="0.908"/>
  <testcase classname="files.DynamicJson" name="addBook" time="2.480"/>
  <testcase classname="files.DynamicJson" name="addBook" time="0.829"/>
</testsuite> <!-- files.DynamicJson -->
