<?xml version="1.0" encoding="UTF-8"?>
<!-- Generated by org.testng.reporters.JUnitReportReporter -->
<testsuite hostname="WUSSC250374-ZV8" failures="0" tests="1" name="DynamicViaExternalFile" time="2.223" errors="0" timestamp="2024-12-01T06:44:30 PST" skipped="0">
  <testcase classname="DynamicViaExternalFile" name="AddBook" time="2.223"/>
</testsuite> <!-- DynamicViaExternalFile -->
