<?xml version="1.0" encoding="UTF-8"?>
<!-- Generated by org.testng.reporters.JUnitReportReporter -->
<testsuite hostname="WUSSC250374-ZV8" failures="0" tests="1" name="DynamicBook3" time="2.296" errors="0" timestamp="2024-11-30T16:16:22 MST" skipped="0">
  <testcase classname="DynamicBook3" name="AddBook" time="2.296"/>
</testsuite> <!-- DynamicBook3 -->
